\BOOKMARK [1][-]{section.1}{\376\377\000M\036\336\000\040\001\020\036\246\000U\000\040\000\050\000I\000N\000T\000R\000O\000D\000U\000C\000T\000I\000O\000N\000\051}{}% 1
\BOOKMARK [2][-]{subsection.1.1}{\376\377\000B\036\321\000i\000\040\000c\036\243\000n\000h\000\040\000n\000g\000h\000i\000\352\000n\000\040\000c\036\351\000u}{section.1}% 2
\BOOKMARK [2][-]{subsection.1.2}{\376\377\000M\036\345\000c\000\040\000t\000i\000\352\000u\000\040\000n\000g\000h\000i\000\352\000n\000\040\000c\036\351\000u}{section.1}% 3
\BOOKMARK [2][-]{subsection.1.3}{\376\377\000P\000h\036\241\000m\000\040\000v\000i\000\040\000v\000\340\000\040\000g\000i\036\333\000i\000\040\000h\036\241\000n\000\040\000n\000g\000h\000i\000\352\000n\000\040\000c\036\351\000u}{section.1}% 4
\BOOKMARK [1][-]{section.2}{\376\377\000C\001\240\000\040\000S\036\336\000\040\000L\000\335\000\040\000T\000H\000U\000Y\036\276\000T}{}% 5
\BOOKMARK [2][-]{subsection.2.1}{\376\377\000B\000\340\000i\000\040\000t\000o\000\341\000n\000\040\000t\036\321\000i\000\040\001\260\000u\000\040\000h\000\363\000a\000\040\000M\000e\000a\000n\000-\000V\000a\000r\000i\000a\000n\000c\000e\000\040\000\050\000M\000a\000r\000k\000o\000w\000i\000t\000z\000\051}{section.2}% 6
\BOOKMARK [2][-]{subsection.2.2}{\376\377\000L\000\375\000\040\000t\000h\000u\000y\036\277\000t\000\040\000C\000o\000p\000u\000l\000a}{section.2}% 7
\BOOKMARK [3][-]{subsubsection.2.2.1}{\376\377\001\020\036\313\000n\000h\000\040\000l\000\375\000\040\000S\000k\000l\000a\000r}{subsection.2.2}% 8
\BOOKMARK [3][-]{subsubsection.2.2.2}{\376\377\000C\000\341\000c\000\040\000l\000o\036\241\000i\000\040\000m\000\364\000\040\000h\000\354\000n\000h}{subsection.2.2}% 9
\BOOKMARK [2][-]{subsection.2.3}{\376\377\036\350\000n\000g\000\040\000d\036\345\000n\000g\000\040\000m\000\364\000\040\000p\000h\036\317\000n\000g\000\040\000M\000o\000n\000t\000e\000\040\000C\000a\000r\000l\000o\000\040\000t\036\353\000\040\000C\000o\000p\000u\000l\000a}{section.2}% 10
\BOOKMARK [1][-]{section.3}{\376\377\000P\000H\001\257\001\240\000N\000G\000\040\000P\000H\000\301\000P\000\040\000N\000G\000H\000I\000\312\000N\000\040\000C\036\350\000U}{}% 11
\BOOKMARK [2][-]{subsection.3.1}{\376\377\000T\000h\000u\000\040\000t\000h\036\255\000p\000\040\000v\000\340\000\040\000x\036\355\000\040\000l\000\375\000\040\000d\036\357\000\040\000l\000i\036\307\000u}{section.3}% 12
\BOOKMARK [2][-]{subsection.3.2}{\376\377\000Q\000u\000y\000\040\000t\000r\000\354\000n\000h\000\040\000p\000h\000\342\000n\000\040\000t\000\355\000c\000h\000\040\000d\036\357\000\040\000l\000i\036\307\000u}{section.3}% 13
\BOOKMARK [1][-]{section.4}{\376\377\000P\000H\000\302\000N\000\040\000T\000\315\000C\000H\000\040\000M\000\324\000\040\000P\000H\036\316\000N\000G\000\040\000V\000\300\000\040\000K\036\276\000T\000\040\000Q\000U\036\242}{}% 14
\BOOKMARK [2][-]{subsection.4.1}{\376\377\000P\000h\000\342\000n\000\040\000t\000\355\000c\000h\000\040\001\021\001\241\000n\000\040\000b\000i\036\277\000n}{section.4}% 15
\BOOKMARK [2][-]{subsection.4.2}{\376\377\000P\000h\000\342\000n\000\040\000t\000\355\000c\000h\000\040\000b\000i\036\277\000n\000\040\000p\000h\036\345\000\040\000t\000h\000u\036\331\000c}{section.4}% 16
\BOOKMARK [2][-]{subsection.4.3}{\376\377\000\301\000p\000\040\000d\036\345\000n\000g\000\040\000m\000\364\000\040\000h\000\354\000n\000h\000\040\000C\000o\000p\000u\000l\000a}{section.4}% 17
\BOOKMARK [2][-]{subsection.4.4}{\376\377\000M\000\364\000\040\000h\000\354\000n\000h\000\040\000m\000\364\000\040\000p\000h\036\317\000n\000g\000\040\000M\000o\000n\000t\000e\000\040\000C\000a\000r\000l\000o}{section.4}% 18
\BOOKMARK [3][-]{subsubsection.4.4.1}{\376\377\000T\000h\000i\036\277\000t\000\040\000k\036\277\000\040\000m\000\364\000\040\000h\000\354\000n\000h\000\040\000m\000\364\000\040\000p\000h\036\317\000n\000g\000\040\000M\000o\000n\000t\000e\000\040\000C\000a\000r\000l\000o}{subsection.4.4}% 19
\BOOKMARK [3][-]{subsubsection.4.4.2}{\376\377\000C\000h\000i\036\277\000n\000\040\000l\001\260\036\343\000c\000\040\000t\000r\000i\036\303\000n\000\040\000k\000h\000a\000i\000\040\000m\000\364\000\040\000p\000h\036\317\000n\000g\000\040\000v\036\333\000i\000\040\0001\0000\000.\0000\0000\0000\000\040\000k\036\313\000c\000h\000\040\000b\036\243\000n}{subsection.4.4}% 20
\BOOKMARK [2][-]{subsection.4.5}{\376\377\000T\036\321\000i\000\040\001\260\000u\000\040\000h\000\363\000a\000\040\000d\000a\000n\000h\000\040\000m\036\345\000c\000\040\001\021\036\247\000u\000\040\000t\001\260}{section.4}% 21
\BOOKMARK [1][-]{section.5}{\376\377\000\335\000\040\000N\000G\000H\001\050\000A\000\040\000P\000H\001\257\001\240\000N\000G\000\040\000P\000H\000\301\000P\000\040\000Q\000U\036\242\000N\000\040\000T\000R\036\312\000\040}{}% 22
\BOOKMARK [2][-]{subsection.5.1}{\376\377\000G\000i\036\243\000i\000\040\000t\000h\000\355\000c\000h\000\040\000k\036\277\000t\000\040\000q\000u\036\243}{section.5}% 23
\BOOKMARK [2][-]{subsection.5.2}{\376\377\000\335\000\040\000n\000g\000h\001\051\000a\000\040\000c\000h\000o\000\040\000d\000o\000a\000n\000h\000\040\000n\000g\000h\000i\036\307\000p}{section.5}% 24
\BOOKMARK [2][-]{subsection.5.3}{\376\377\000\335\000\040\000n\000g\000h\001\051\000a\000\040\000c\000h\000o\000\040\000n\000g\000h\000i\000\352\000n\000\040\000c\036\351\000u\000\040\000h\036\315\000c\000\040\000t\000h\000u\036\255\000t}{section.5}% 25
\BOOKMARK [1][-]{section.6}{\376\377\000K\036\276\000T\000\040\000L\000U\036\254\000N\000\040\000V\000\300\000\040\000H\001\257\036\332\000N\000G\000\040\000N\000G\000H\000I\000\312\000N\000\040\000C\036\350\000U\000\040\000T\001\257\001\240\000N\000G\000\040\000L\000A\000I}{}% 26
\BOOKMARK [2][-]{subsection.6.1}{\376\377\000T\000\363\000m\000\040\000t\036\257\000t\000\040\000k\036\277\000t\000\040\000q\000u\036\243\000\040\000c\000h\000\355\000n\000h}{section.6}% 27
\BOOKMARK [2][-]{subsection.6.2}{\376\377\001\020\000\363\000n\000g\000\040\000g\000\363\000p\000\040\000h\036\315\000c\000\040\000t\000h\000u\036\255\000t}{section.6}% 28
\BOOKMARK [2][-]{subsection.6.3}{\376\377\000H\001\260\036\333\000n\000g\000\040\000n\000g\000h\000i\000\352\000n\000\040\000c\036\351\000u\000\040\000t\000r\000o\000n\000g\000\040\000t\001\260\001\241\000n\000g\000\040\000l\000a\000i}{section.6}% 29
